<?xml version="1.0" encoding="UTF-8"?>
<!-- Generated by org.testng.reporters.JUnitXMLReporter -->
<testsuite hostname="B15-IT-C22642" ignored="0" name="Default test" tests="3" failures="0" timestamp="09 Mar 2020 16:22:52 GMT" time="0.078" errors="0">
  <testcase name="executeDP" time="0.012" classname="Maven.Selenium_Maven_Start.DataProviderExample"/>
  <testcase name="executeDP" time="0.005" classname="Maven.Selenium_Maven_Start.DataProviderExample"/>
  <testcase name="executeDP" time="0.004" classname="Maven.Selenium_Maven_Start.DataProviderExample"/>
</testsuite> <!-- Default test -->
