<?xml version="1.0" encoding="UTF-8"?>
<testng-results skipped="0" failed="0" ignored="0" total="3" passed="3">
  <reporter-output>
  </reporter-output>
  <suite name="Default suite" duration-ms="78" started-at="2020-03-09T16:22:52Z" finished-at="2020-03-09T16:22:52Z">
    <groups>
    </groups>
    <test name="Default test" duration-ms="78" started-at="2020-03-09T16:22:52Z" finished-at="2020-03-09T16:22:52Z">
      <class name="Maven.Selenium_Maven_Start.DataProviderExample">
        <test-method status="PASS" signature="executeDP(java.lang.String, java.lang.String)[pri:0, instance:Maven.Selenium_Maven_Start.DataProviderExample@28d25987]" name="executeDP" duration-ms="12" started-at="2020-03-09T16:22:52Z" data-provider="test" finished-at="2020-03-09T16:22:52Z">
          <params>
            <param index="0">
              <value>
                <![CDATA[user1]]>
              </value>
            </param>
            <param index="1">
              <value>
                <![CDATA[pass1]]>
              </value>
            </param>
          </params>
          <reporter-output>
          </reporter-output>
        </test-method> <!-- executeDP -->
        <test-method status="PASS" signature="executeDP(java.lang.String, java.lang.String)[pri:0, instance:Maven.Selenium_Maven_Start.DataProviderExample@28d25987]" name="executeDP" duration-ms="5" started-at="2020-03-09T16:22:52Z" data-provider="test" finished-at="2020-03-09T16:22:52Z">
          <params>
            <param index="0">
              <value>
                <![CDATA[user3]]>
              </value>
            </param>
            <param index="1">
              <value>
                <![CDATA[pass3]]>
              </value>
            </param>
          </params>
          <reporter-output>
          </reporter-output>
        </test-method> <!-- executeDP -->
        <test-method status="PASS" signature="executeDP(java.lang.String, java.lang.String)[pri:0, instance:Maven.Selenium_Maven_Start.DataProviderExample@28d25987]" name="executeDP" duration-ms="4" started-at="2020-03-09T16:22:52Z" data-provider="test" finished-at="2020-03-09T16:22:52Z">
          <params>
            <param index="0">
              <value>
                <![CDATA[user3]]>
              </value>
            </param>
            <param index="1">
              <value>
                <![CDATA[pass3]]>
              </value>
            </param>
          </params>
          <reporter-output>
          </reporter-output>
        </test-method> <!-- executeDP -->
      </class> <!-- Maven.Selenium_Maven_Start.DataProviderExample -->
    </test> <!-- Default test -->
  </suite> <!-- Default suite -->
</testng-results>
